<?xml version="1.0" encoding="UTF-8"?>
<testng-results ignored="0" total="2" passed="2" failed="0" skipped="0">
  <reporter-output>
  </reporter-output>
  <suite started-at="2025-02-22T15:21:00 EST" name="Default suite" finished-at="2025-02-22T15:21:00 EST" duration-ms="63">
    <groups>
    </groups>
    <test started-at="2025-02-22T15:21:00 EST" name="Default test" finished-at="2025-02-22T15:21:00 EST" duration-ms="63">
      <class name="test.basicTests">
        <test-method signature="Demo()[pri:0, instance:test.basicTests@2473d930]" started-at="2025-02-22T15:21:00 EST" name="Demo" finished-at="2025-02-22T15:21:00 EST" duration-ms="15" status="PASS">
          <reporter-output>
          </reporter-output>
        </test-method> <!-- Demo -->
        <test-method signature="secondTest()[pri:0, instance:test.basicTests@2473d930]" started-at="2025-02-22T15:21:00 EST" name="secondTest" finished-at="2025-02-22T15:21:00 EST" duration-ms="1" status="PASS">
          <reporter-output>
          </reporter-output>
        </test-method> <!-- secondTest -->
      </class> <!-- test.basicTests -->
    </test> <!-- Default test -->
  </suite> <!-- Default suite -->
</testng-results>
