<?xml version="1.0" encoding="UTF-8"?>
<testng-results ignored="0" total="2" passed="2" failed="0" skipped="0">
  <reporter-output>
  </reporter-output>
  <suite started-at="2025-04-16T23:50:13 EDT" name="Default suite" finished-at="2025-04-16T23:50:19 EDT" duration-ms="6275">
    <groups>
    </groups>
    <test started-at="2025-04-16T23:50:13 EDT" name="Default test" finished-at="2025-04-16T23:50:19 EDT" duration-ms="6275">
      <class name="test.basicTests">
        <test-method signature="secondTest()[pri:0, instance:test.basicTests@52e6fdee]" started-at="2025-04-16T23:50:13 EDT" name="secondTest" finished-at="2025-04-16T23:50:13 EDT" duration-ms="14" status="PASS">
          <reporter-output>
          </reporter-output>
        </test-method> <!-- secondTest -->
        <test-method signature="userLogin()[pri:0, instance:test.basicTests@52e6fdee]" started-at="2025-04-16T23:50:13 EDT" name="userLogin" finished-at="2025-04-16T23:50:19 EDT" duration-ms="6202" status="PASS">
          <reporter-output>
          </reporter-output>
        </test-method> <!-- userLogin -->
      </class> <!-- test.basicTests -->
    </test> <!-- Default test -->
  </suite> <!-- Default suite -->
</testng-results>
